Using pre-set license
Built from '2020.3/release' branch; Version is '2020.3.15f2 (6cf78cb77498) revision 7141260'; Using compiler version '192528614'; Build Type 'Release'
OS: 'Windows 10 Home; OS build 22000.527; Version 2009; 64bit' Language: 'en' Physical Memory: 16093 MB
BatchMode: 1, IsHumanControllingUs: 0, StartBugReporterOnCrash: 0, Is64bit: 1, IsPro: 0

 COMMAND LINE ARGUMENTS:
C:\Program Files\Unity\Hub\Editor\2020.3.15f2\Editor\Unity.exe
-adb2
-batchMode
-noUpm
-name
AssetImportWorker0
-projectPath
C:/Users/manel/Documents/MaybeInVancouver
-logFile
Logs/AssetImportWorker0.log
-srvPort
49972
Successfully changed project path to: C:/Users/manel/Documents/MaybeInVancouver
C:/Users/manel/Documents/MaybeInVancouver
Using Asset Import Pipeline V2.
Refreshing native plugins compatible for Editor in 51.73 ms, found 3 plugins.
Preloading 0 native plugins for Editor in 0.00 ms.
Initialize engine version: 2020.3.15f2 (6cf78cb77498)
[Subsystems] Discovering subsystems at path C:/Program Files/Unity/Hub/Editor/2020.3.15f2/Editor/Data/Resources/UnitySubsystems
[Subsystems] Discovering subsystems at path C:/Users/manel/Documents/MaybeInVancouver/Assets
GfxDevice: creating device client; threaded=0
Direct3D:
    Version:  Direct3D 11.0 [level 11.1]
    Renderer: Intel(R) Iris(R) Plus Graphics (ID=0x8a52)
    Vendor:   
    VRAM:     8046 MB
    Driver:   27.20.100.9510
Initialize mono
Mono path[0] = 'C:/Program Files/Unity/Hub/Editor/2020.3.15f2/Editor/Data/Managed'
Mono path[1] = 'C:/Program Files/Unity/Hub/Editor/2020.3.15f2/Editor/Data/MonoBleedingEdge/lib/mono/unityjit'
Mono config path = 'C:/Program Files/Unity/Hub/Editor/2020.3.15f2/Editor/Data/MonoBleedingEdge/etc'
Using monoOptions --debugger-agent=transport=dt_socket,embedding=1,server=y,suspend=n,address=127.0.0.1:56224
Begin MonoManager ReloadAssembly
Registering precompiled unity dll's ...
Register platform support module: C:/Program Files/Unity/Hub/Editor/2020.3.15f2/Editor/Data/PlaybackEngines/WindowsStandaloneSupport/UnityEditor.WindowsStandalone.Extensions.dll
Registered in 0.001591 seconds.
Native extension for WindowsStandalone target not found
Refreshing native plugins compatible for Editor in 52.98 ms, found 3 plugins.
Preloading 0 native plugins for Editor in 0.00 ms.
Mono: successfully reloaded assembly
- Completed reload, in  0.935 seconds
Domain Reload Profiling:
	ReloadAssembly (936ms)
		BeginReloadAssembly (44ms)
			ExecutionOrderSort (0ms)
			DisableScriptedObjects (0ms)
			BackupInstance (0ms)
			ReleaseScriptingObjects (0ms)
			CreateAndSetChildDomain (1ms)
		EndReloadAssembly (399ms)
			LoadAssemblies (43ms)
			RebuildTransferFunctionScriptingTraits (0ms)
			SetupTypeCache (132ms)
			ReleaseScriptCaches (0ms)
			RebuildScriptCaches (28ms)
			SetupLoadedEditorAssemblies (172ms)
				LogAssemblyErrors (0ms)
				InitializePlatformSupportModulesInManaged (3ms)
				SetLoadedEditorAssemblies (0ms)
				RefreshPlugins (53ms)
				BeforeProcessingInitializeOnLoad (6ms)
				ProcessInitializeOnLoadAttributes (81ms)
				ProcessInitializeOnLoadMethodAttributes (27ms)
				AfterProcessingInitializeOnLoad (0ms)
				EditorAssembliesLoaded (0ms)
			ExecutionOrderSort2 (0ms)
			AwakeInstancesAfterBackupRestoration (0ms)
Platform modules already initialized, skipping
Registering precompiled user dll's ...
Registered in 0.002944 seconds.
Begin MonoManager ReloadAssembly
Native extension for WindowsStandalone target not found
Refreshing native plugins compatible for Editor in 61.82 ms, found 3 plugins.
Preloading 0 native plugins for Editor in 0.00 ms.
Mono: successfully reloaded assembly
- Completed reload, in  1.240 seconds
Domain Reload Profiling:
	ReloadAssembly (1240ms)
		BeginReloadAssembly (115ms)
			ExecutionOrderSort (0ms)
			DisableScriptedObjects (4ms)
			BackupInstance (0ms)
			ReleaseScriptingObjects (0ms)
			CreateAndSetChildDomain (16ms)
		EndReloadAssembly (1072ms)
			LoadAssemblies (74ms)
			RebuildTransferFunctionScriptingTraits (0ms)
			SetupTypeCache (260ms)
			ReleaseScriptCaches (0ms)
			RebuildScriptCaches (54ms)
			SetupLoadedEditorAssemblies (577ms)
				LogAssemblyErrors (0ms)
				InitializePlatformSupportModulesInManaged (3ms)
				SetLoadedEditorAssemblies (0ms)
				RefreshPlugins (62ms)
				BeforeProcessingInitializeOnLoad (60ms)
				ProcessInitializeOnLoadAttributes (434ms)
				ProcessInitializeOnLoadMethodAttributes (14ms)
				AfterProcessingInitializeOnLoad (4ms)
				EditorAssembliesLoaded (0ms)
			ExecutionOrderSort2 (0ms)
			AwakeInstancesAfterBackupRestoration (5ms)
Platform modules already initialized, skipping
========================================================================
Worker process is ready to serve import requests
Launched and connected shader compiler UnityShaderCompiler.exe after 0.04 seconds
Refreshing native plugins compatible for Editor in 0.47 ms, found 3 plugins.
Preloading 0 native plugins for Editor in 0.00 ms.
Unloading 2855 Unused Serialized files (Serialized files now loaded: 0)
System memory in use before: 115.9 MB.
System memory in use after: 116.0 MB.

Unloading 33 unused Assets to reduce memory usage. Loaded Objects now: 3293.
Total: 3.380000 ms (FindLiveObjects: 0.196000 ms CreateObjectMapping: 0.089300 ms MarkObjects: 2.879100 ms  DeleteObjects: 0.214500 ms)

AssetImportParameters requested are different than current active one (requested -> active):
  custom:framework-win-MediaFoundation: 216162199b28c13a410421893ffa2e32 -> 
  custom:video-decoder-ogg-theora: a1e56fd34408186e4bbccfd4996cb3dc -> 
  custom:container-muxer-webm: aa71ff27fc2769a1b78a27578f13a17b -> 
  custom:container-demuxer-webm: 4f35f7cbe854078d1ac9338744f61a02 -> 
  custom:container-demuxer-ogg: 62fdf1f143b41e24485cea50d1cbac27 -> 
  custom:video-encoder-webm-vp8: eb34c28f22e8b96e1ab97ce403110664 -> 
  custom:video-decoder-webm-vp8: 9c59270c3fd7afecdb556c50c9e8de78 -> 
  custom:audio-decoder-ogg-vorbis: bf7c407c2cedff20999df2af8eb42d56 -> 
  custom:audio-encoder-webm-vorbis: bf7c407c2cedff20999df2af8eb42d56 -> 
========================================================================
Received Import Request.
  path: Assets/Art/Level1 Parts/ThreeWindowBigTurret.png
  artifactKey: Guid(43f3a62c17641c84caadf012c3fa2d64) Importer(815301076,1909f56bfc062723c751e8b465ee728b)
Start importing Assets/Art/Level1 Parts/ThreeWindowBigTurret.png using Guid(43f3a62c17641c84caadf012c3fa2d64) Importer(815301076,1909f56bfc062723c751e8b465ee728b)  -> (artifact id: '01c223932929bf38181f68863c9024e5') in 0.110876 seconds 
  Import took 0.114791 seconds .

========================================================================
Received Import Request.
  Time since last request: 0.000207 seconds.
  path: Assets/Art/Level1 Parts/TreeWallC.png
  artifactKey: Guid(2ff8f9895b4d28b4b8890fa42e09ec07) Importer(815301076,1909f56bfc062723c751e8b465ee728b)
Start importing Assets/Art/Level1 Parts/TreeWallC.png using Guid(2ff8f9895b4d28b4b8890fa42e09ec07) Importer(815301076,1909f56bfc062723c751e8b465ee728b)  -> (artifact id: 'da58403ff06bb2917a7b096218c2b4bc') in 0.031329 seconds 
  Import took 0.036321 seconds .

========================================================================
Received Import Request.
  Time since last request: 0.000290 seconds.
  path: Assets/Art/Level1 Parts/FloatingStone.png
  artifactKey: Guid(cf6d1eab18dfea7438938183037cc417) Importer(815301076,1909f56bfc062723c751e8b465ee728b)
Start importing Assets/Art/Level1 Parts/FloatingStone.png using Guid(cf6d1eab18dfea7438938183037cc417) Importer(815301076,1909f56bfc062723c751e8b465ee728b)  -> (artifact id: '16774b5e479bd4a33ce16701c1302733') in 0.028518 seconds 
  Import took 0.036511 seconds .

========================================================================
Received Import Request.
  Time since last request: 0.000207 seconds.
  path: Assets/Art/Level1 Parts/Wall.png
  artifactKey: Guid(21b2d5c8bf58799458059038e3cfe64b) Importer(815301076,1909f56bfc062723c751e8b465ee728b)
Start importing Assets/Art/Level1 Parts/Wall.png using Guid(21b2d5c8bf58799458059038e3cfe64b) Importer(815301076,1909f56bfc062723c751e8b465ee728b)  -> (artifact id: 'ad6e866d41ffdd86f67290661bd83cfd') in 0.038710 seconds 
  Import took 0.044835 seconds .

========================================================================
Received Import Request.
  Time since last request: 0.000437 seconds.
  path: Assets/Art/Level1 Parts/Battlements.png
  artifactKey: Guid(bb37d2605dc65f64d97baedd75aac797) Importer(815301076,1909f56bfc062723c751e8b465ee728b)
Start importing Assets/Art/Level1 Parts/Battlements.png using Guid(bb37d2605dc65f64d97baedd75aac797) Importer(815301076,1909f56bfc062723c751e8b465ee728b)  -> (artifact id: 'ec2de71607e36777d94a6097bf58fae5') in 0.023414 seconds 
  Import took 0.028912 seconds .

========================================================================
Received Import Request.
  Time since last request: 0.000200 seconds.
  path: Assets/Art/Level1 Parts/PlantyPillar.png
  artifactKey: Guid(cd253aa51d1f39c45bfef55627eda7ab) Importer(815301076,1909f56bfc062723c751e8b465ee728b)
Start importing Assets/Art/Level1 Parts/PlantyPillar.png using Guid(cd253aa51d1f39c45bfef55627eda7ab) Importer(815301076,1909f56bfc062723c751e8b465ee728b)  -> (artifact id: '6938fca7c310d1a165751115919d2c5f') in 0.023797 seconds 
  Import took 0.030724 seconds .

========================================================================
Received Import Request.
  Time since last request: 0.000192 seconds.
  path: Assets/Art/Level1 Parts/SpawnCave.png
  artifactKey: Guid(1cdfcd405f94faf49a26cf3118c68c8c) Importer(815301076,1909f56bfc062723c751e8b465ee728b)
Start importing Assets/Art/Level1 Parts/SpawnCave.png using Guid(1cdfcd405f94faf49a26cf3118c68c8c) Importer(815301076,1909f56bfc062723c751e8b465ee728b)  -> (artifact id: '2368e1fa283bd34d17a4e886726b1d79') in 0.030392 seconds 
  Import took 0.038415 seconds .

========================================================================
Received Import Request.
  Time since last request: 0.000233 seconds.
  path: Assets/Art/Level1 Parts/ForestBG.png
  artifactKey: Guid(0f98008cdb78ced4c9ac6b63de7a00ae) Importer(815301076,1909f56bfc062723c751e8b465ee728b)
Start importing Assets/Art/Level1 Parts/ForestBG.png using Guid(0f98008cdb78ced4c9ac6b63de7a00ae) Importer(815301076,1909f56bfc062723c751e8b465ee728b)  -> (artifact id: 'a705700b0c9bb1351c869d8946716b23') in 0.022941 seconds 
  Import took 0.028519 seconds .

========================================================================
Received Import Request.
  Time since last request: 0.000183 seconds.
  path: Assets/Art/Level1 Parts/TreeRoots_Mushrooms.png
  artifactKey: Guid(f15f90dd9ff534348b405ab83d465ede) Importer(815301076,1909f56bfc062723c751e8b465ee728b)
Start importing Assets/Art/Level1 Parts/TreeRoots_Mushrooms.png using Guid(f15f90dd9ff534348b405ab83d465ede) Importer(815301076,1909f56bfc062723c751e8b465ee728b)  -> (artifact id: '97448989b73b978054bcb5de31c2258b') in 0.036017 seconds 
  Import took 0.042530 seconds .

========================================================================
Received Import Request.
  Time since last request: 0.000168 seconds.
  path: Assets/Art/Level1 Parts/SmallTurret.png
  artifactKey: Guid(d5f49c0a39914ea43ab2f596a34a3858) Importer(815301076,1909f56bfc062723c751e8b465ee728b)
Start importing Assets/Art/Level1 Parts/SmallTurret.png using Guid(d5f49c0a39914ea43ab2f596a34a3858) Importer(815301076,1909f56bfc062723c751e8b465ee728b)  -> (artifact id: '341ec3b1c92692748e17c5d8e0a952c8') in 0.027974 seconds 
  Import took 0.033911 seconds .

========================================================================
Received Import Request.
  Time since last request: 0.000246 seconds.
  path: Assets/Art/Level1 Parts/Pennant_Bucket.png
  artifactKey: Guid(eda111de45b90924ca17be8613946f7c) Importer(815301076,1909f56bfc062723c751e8b465ee728b)
Start importing Assets/Art/Level1 Parts/Pennant_Bucket.png using Guid(eda111de45b90924ca17be8613946f7c) Importer(815301076,1909f56bfc062723c751e8b465ee728b)  -> (artifact id: '39e6f627f56d0c3c3edc9d9552db0163') in 0.028118 seconds 
  Import took 0.033613 seconds .

========================================================================
Received Import Request.
  Time since last request: 0.000216 seconds.
  path: Assets/Art/Level1 Parts/CastleWall.png
  artifactKey: Guid(2dc2f9cfef3557a48a012ae11a98f944) Importer(815301076,1909f56bfc062723c751e8b465ee728b)
Start importing Assets/Art/Level1 Parts/CastleWall.png using Guid(2dc2f9cfef3557a48a012ae11a98f944) Importer(815301076,1909f56bfc062723c751e8b465ee728b)  -> (artifact id: '64a8af6dac48f604e44835bd8831848d') in 0.031218 seconds 
  Import took 0.035819 seconds .

========================================================================
Received Import Request.
  Time since last request: 0.000164 seconds.
  path: Assets/Art/Level1 Parts/Sign.png
  artifactKey: Guid(90b1bc5b142219148b9b966c7907235c) Importer(815301076,1909f56bfc062723c751e8b465ee728b)
Start importing Assets/Art/Level1 Parts/Sign.png using Guid(90b1bc5b142219148b9b966c7907235c) Importer(815301076,1909f56bfc062723c751e8b465ee728b)  -> (artifact id: '2a3ea74bd5206d072918af88c1f8a22b') in 0.025482 seconds 
  Import took 0.031014 seconds .

========================================================================
Received Import Request.
  Time since last request: 0.000201 seconds.
  path: Assets/Art/Level1 Parts/StoneStep1.png
  artifactKey: Guid(29d93dc12d63a6c4a97cf7e41e8a05e4) Importer(815301076,1909f56bfc062723c751e8b465ee728b)
Start importing Assets/Art/Level1 Parts/StoneStep1.png using Guid(29d93dc12d63a6c4a97cf7e41e8a05e4) Importer(815301076,1909f56bfc062723c751e8b465ee728b)  -> (artifact id: '48a1d29981c1d8037b22a4342da0ecfb') in 0.031033 seconds 
  Import took 0.035963 seconds .

========================================================================
Received Import Request.
  Time since last request: 0.000212 seconds.
  path: Assets/Art/Level1 Parts/Pennant_Shovel.png
  artifactKey: Guid(bcfd2ea2eb0adf24e83f3ea7cb4e379b) Importer(815301076,1909f56bfc062723c751e8b465ee728b)
Start importing Assets/Art/Level1 Parts/Pennant_Shovel.png using Guid(bcfd2ea2eb0adf24e83f3ea7cb4e379b) Importer(815301076,1909f56bfc062723c751e8b465ee728b)  -> (artifact id: '074f20e8b7052658153d27ed6e1b3d2f') in 0.028519 seconds 
  Import took 0.034751 seconds .

========================================================================
Received Import Request.
  Time since last request: 0.000200 seconds.
  path: Assets/Art/Level1 Parts/InnerTree.png
  artifactKey: Guid(c9d13807d85c0d04187dc33016495159) Importer(815301076,1909f56bfc062723c751e8b465ee728b)
Start importing Assets/Art/Level1 Parts/InnerTree.png using Guid(c9d13807d85c0d04187dc33016495159) Importer(815301076,1909f56bfc062723c751e8b465ee728b)  -> (artifact id: '63636079faeffe30cb971e974151729d') in 0.044067 seconds 
  Import took 0.049365 seconds .

========================================================================
Received Import Request.
  Time since last request: 0.000207 seconds.
  path: Assets/Art/Level1 Parts/SandBG_Tile.png
  artifactKey: Guid(e8d8e5210efdec4499f10f0ecde29523) Importer(815301076,1909f56bfc062723c751e8b465ee728b)
Start importing Assets/Art/Level1 Parts/SandBG_Tile.png using Guid(e8d8e5210efdec4499f10f0ecde29523) Importer(815301076,1909f56bfc062723c751e8b465ee728b)  -> (artifact id: '18df848f3a8b7b51e9cad523b9675110') in 0.031804 seconds 
  Import took 0.036313 seconds .

========================================================================
Received Import Request.
  Time since last request: 0.000267 seconds.
  path: Assets/Art/Level1 Parts/Forest_Foreground2_Paralax.png
  artifactKey: Guid(85cdfa387c624ea4981378e0e362073e) Importer(815301076,1909f56bfc062723c751e8b465ee728b)
Start importing Assets/Art/Level1 Parts/Forest_Foreground2_Paralax.png using Guid(85cdfa387c624ea4981378e0e362073e) Importer(815301076,1909f56bfc062723c751e8b465ee728b)  -> (artifact id: '2d4d250af4620430a28b8a0af0859932') in 0.024344 seconds 
  Import took 0.029890 seconds .

========================================================================
Received Import Request.
  Time since last request: 0.000302 seconds.
  path: Assets/Art/Level1 Parts/MountedTurret.png
  artifactKey: Guid(f3bd03050616a6f48b2b84f2c2aa0771) Importer(815301076,1909f56bfc062723c751e8b465ee728b)
Start importing Assets/Art/Level1 Parts/MountedTurret.png using Guid(f3bd03050616a6f48b2b84f2c2aa0771) Importer(815301076,1909f56bfc062723c751e8b465ee728b)  -> (artifact id: '85284f951829b7eece06490dae3608d3') in 0.025549 seconds 
  Import took 0.032832 seconds .

========================================================================
Received Import Request.
  Time since last request: 0.000192 seconds.
  path: Assets/Art/Level1 Parts/ForestBG_2_Paralax.png
  artifactKey: Guid(e121b13ca3f653a4fa8cf24d775f3d47) Importer(815301076,1909f56bfc062723c751e8b465ee728b)
Start importing Assets/Art/Level1 Parts/ForestBG_2_Paralax.png using Guid(e121b13ca3f653a4fa8cf24d775f3d47) Importer(815301076,1909f56bfc062723c751e8b465ee728b)  -> (artifact id: 'd3e68df428d8adeb9c1069b5c376b22c') in 0.032168 seconds 
  Import took 0.037805 seconds .

========================================================================
Received Import Request.
  Time since last request: 0.000264 seconds.
  path: Assets/Art/Level1 Parts/SupportTower.png
  artifactKey: Guid(24e963198245fe643b8ae42240c84c2c) Importer(815301076,1909f56bfc062723c751e8b465ee728b)
Start importing Assets/Art/Level1 Parts/SupportTower.png using Guid(24e963198245fe643b8ae42240c84c2c) Importer(815301076,1909f56bfc062723c751e8b465ee728b)  -> (artifact id: '43e5feb4ce0fd112158726a2fc469cfe') in 0.033760 seconds 
  Import took 0.039128 seconds .

========================================================================
Received Import Request.
  Time since last request: 0.000255 seconds.
  path: Assets/Art/Level1 Parts/Stairs.png
  artifactKey: Guid(bbf5475ed1acbb64ea80858da3ab1dbb) Importer(815301076,1909f56bfc062723c751e8b465ee728b)
Start importing Assets/Art/Level1 Parts/Stairs.png using Guid(bbf5475ed1acbb64ea80858da3ab1dbb) Importer(815301076,1909f56bfc062723c751e8b465ee728b)  -> (artifact id: '953eb998d0098a7d6d80b79a167045db') in 0.024715 seconds 
  Import took 0.030366 seconds .

========================================================================
Received Import Request.
  Time since last request: 0.000200 seconds.
  path: Assets/Art/Level1 Parts/L wood.png
  artifactKey: Guid(7a91c2f73bae9c844a94da922fa01ab4) Importer(815301076,1909f56bfc062723c751e8b465ee728b)
Start importing Assets/Art/Level1 Parts/L wood.png using Guid(7a91c2f73bae9c844a94da922fa01ab4) Importer(815301076,1909f56bfc062723c751e8b465ee728b)  -> (artifact id: '7e7cc82e99618f6768d1742cb173a0ac') in 0.028745 seconds 
  Import took 0.034691 seconds .

========================================================================
Received Import Request.
  Time since last request: 0.000165 seconds.
  path: Assets/Art/Level1 Parts/StonePillarTree.png
  artifactKey: Guid(48013ddbc336e01449a868a0579f793b) Importer(815301076,1909f56bfc062723c751e8b465ee728b)
Start importing Assets/Art/Level1 Parts/StonePillarTree.png using Guid(48013ddbc336e01449a868a0579f793b) Importer(815301076,1909f56bfc062723c751e8b465ee728b)  -> (artifact id: '3fe99709cc2065fe54d0e14a43427a46') in 0.033440 seconds 
  Import took 0.038848 seconds .

========================================================================
Received Import Request.
  Time since last request: 0.000234 seconds.
  path: Assets/Art/Level1 Parts/DesertBG.png
  artifactKey: Guid(2420dc4dd0542134abc9001c0f37a904) Importer(815301076,1909f56bfc062723c751e8b465ee728b)
Start importing Assets/Art/Level1 Parts/DesertBG.png using Guid(2420dc4dd0542134abc9001c0f37a904) Importer(815301076,1909f56bfc062723c751e8b465ee728b)  -> (artifact id: '81da6e7c28bc46d7547c8c3150adb13a') in 0.028456 seconds 
  Import took 0.033098 seconds .

========================================================================
Received Import Request.
  Time since last request: 0.000185 seconds.
  path: Assets/Art/Level1 Parts/Forest_Foreground1_Paralax.png
  artifactKey: Guid(715cdb7f4b2387d43a285366687628f8) Importer(815301076,1909f56bfc062723c751e8b465ee728b)
Start importing Assets/Art/Level1 Parts/Forest_Foreground1_Paralax.png using Guid(715cdb7f4b2387d43a285366687628f8) Importer(815301076,1909f56bfc062723c751e8b465ee728b)  -> (artifact id: '49e95f04df3f17b5eacc8ee91bdd2b99') in 0.021950 seconds 
  Import took 0.027581 seconds .

========================================================================
Received Import Request.
  Time since last request: 0.000217 seconds.
  path: Assets/Art/Level1 Parts/StonePillar.png
  artifactKey: Guid(24a8740010addb84e97e1e793cb9a284) Importer(815301076,1909f56bfc062723c751e8b465ee728b)
Start importing Assets/Art/Level1 Parts/StonePillar.png using Guid(24a8740010addb84e97e1e793cb9a284) Importer(815301076,1909f56bfc062723c751e8b465ee728b)  -> (artifact id: 'd7cb78896cfd16a09e766008a8c29106') in 0.031788 seconds 
  Import took 0.036696 seconds .

========================================================================
Received Import Request.
  Time since last request: 0.000140 seconds.
  path: Assets/Art/Level1 Parts/PalmTree.png
  artifactKey: Guid(beb3cf1ea1097004e99ec80cddca1059) Importer(815301076,1909f56bfc062723c751e8b465ee728b)
Start importing Assets/Art/Level1 Parts/PalmTree.png using Guid(beb3cf1ea1097004e99ec80cddca1059) Importer(815301076,1909f56bfc062723c751e8b465ee728b)  -> (artifact id: 'd9293967f07ee400becf604e303bc4f0') in 0.032539 seconds 
  Import took 0.037615 seconds .

========================================================================
Received Import Request.
  Time since last request: 0.000226 seconds.
  path: Assets/Art/Level1 Parts/SandcastleCeiling.png
  artifactKey: Guid(59fcb9a1851b20e4993fa308f44c7fcf) Importer(815301076,1909f56bfc062723c751e8b465ee728b)
Start importing Assets/Art/Level1 Parts/SandcastleCeiling.png using Guid(59fcb9a1851b20e4993fa308f44c7fcf) Importer(815301076,1909f56bfc062723c751e8b465ee728b)  -> (artifact id: '3eebfb751be8a9e4ada868c57efb4f70') in 0.024807 seconds 
  Import took 0.031961 seconds .

========================================================================
Received Import Request.
  Time since last request: 0.000175 seconds.
  path: Assets/Art/Level1 Parts/PalmTree.png
  artifactKey: Guid(beb3cf1ea1097004e99ec80cddca1059) Importer(815301076,1909f56bfc062723c751e8b465ee728b)
Start importing Assets/Art/Level1 Parts/PalmTree.png using Guid(beb3cf1ea1097004e99ec80cddca1059) Importer(815301076,1909f56bfc062723c751e8b465ee728b)  -> (artifact id: 'd9293967f07ee400becf604e303bc4f0') in 0.027335 seconds 
  Import took 0.033943 seconds .

========================================================================
Received Import Request.
  Time since last request: 20.865329 seconds.
  path: Assets/Art/Level1 Parts/TrapdoorWall.png
  artifactKey: Guid(c1c029d78174b594fbef7ca99c50d8bc) Importer(815301076,1909f56bfc062723c751e8b465ee728b)
Start importing Assets/Art/Level1 Parts/TrapdoorWall.png using Guid(c1c029d78174b594fbef7ca99c50d8bc) Importer(815301076,1909f56bfc062723c751e8b465ee728b)  -> (artifact id: '617f7048195566c26f1c9a28fd555137') in 0.024822 seconds 
  Import took 0.030749 seconds .

========================================================================
Received Import Request.
  Time since last request: 172.666798 seconds.
  path: Assets/Scripts/FirstBoss.cs
  artifactKey: Guid(1705f823b68c92f459398b391c959e60) Importer(815301076,1909f56bfc062723c751e8b465ee728b)
Start importing Assets/Scripts/FirstBoss.cs using Guid(1705f823b68c92f459398b391c959e60) Importer(815301076,1909f56bfc062723c751e8b465ee728b)  -> (artifact id: '0a4e872274d8a0d529356bc863508228') in 0.033266 seconds 
  Import took 0.040412 seconds .

========================================================================
Received Import Request.
  Time since last request: 457.490434 seconds.
  path: Assets/Scripts/FirstBoss.cs
  artifactKey: Guid(1705f823b68c92f459398b391c959e60) Importer(815301076,1909f56bfc062723c751e8b465ee728b)
Start importing Assets/Scripts/FirstBoss.cs using Guid(1705f823b68c92f459398b391c959e60) Importer(815301076,1909f56bfc062723c751e8b465ee728b)  -> (artifact id: 'ff3463c24bd1d964df49393e1d52639e') in 0.002887 seconds 
  Import took 0.013262 seconds .

========================================================================
Received Import Request.
  Time since last request: 37.024900 seconds.
  path: Assets/Scripts/FirstBoss.cs
  artifactKey: Guid(1705f823b68c92f459398b391c959e60) Importer(815301076,1909f56bfc062723c751e8b465ee728b)
Start importing Assets/Scripts/FirstBoss.cs using Guid(1705f823b68c92f459398b391c959e60) Importer(815301076,1909f56bfc062723c751e8b465ee728b)  -> (artifact id: '56637becf47fb52ca4146ff01f2f6620') in 0.005128 seconds 
  Import took 0.017461 seconds .

========================================================================
Received Import Request.
  Time since last request: 20.872158 seconds.
  path: Assets/Scripts/FirstBoss.cs
  artifactKey: Guid(1705f823b68c92f459398b391c959e60) Importer(815301076,1909f56bfc062723c751e8b465ee728b)
Start importing Assets/Scripts/FirstBoss.cs using Guid(1705f823b68c92f459398b391c959e60) Importer(815301076,1909f56bfc062723c751e8b465ee728b)  -> (artifact id: 'a49741002e22c38dccf0e33f1388cd72') in 0.003791 seconds 
  Import took 0.009849 seconds .

========================================================================
Received Import Request.
  Time since last request: 23.535915 seconds.
  path: Assets/Scripts/FirstBoss.cs
  artifactKey: Guid(1705f823b68c92f459398b391c959e60) Importer(815301076,1909f56bfc062723c751e8b465ee728b)
Start importing Assets/Scripts/FirstBoss.cs using Guid(1705f823b68c92f459398b391c959e60) Importer(815301076,1909f56bfc062723c751e8b465ee728b)  -> (artifact id: '0f224548744a1d4c37983cbb98fa01a9') in 0.004616 seconds 
  Import took 0.011622 seconds .

========================================================================
Received Prepare
Registering precompiled user dll's ...
Registered in 0.180052 seconds.
Begin MonoManager ReloadAssembly
Native extension for WindowsStandalone target not found
Refreshing native plugins compatible for Editor in 0.51 ms, found 3 plugins.
Preloading 0 native plugins for Editor in 0.00 ms.
Mono: successfully reloaded assembly
- Completed reload, in  1.246 seconds
Domain Reload Profiling:
	ReloadAssembly (1247ms)
		BeginReloadAssembly (104ms)
			ExecutionOrderSort (0ms)
			DisableScriptedObjects (8ms)
			BackupInstance (0ms)
			ReleaseScriptingObjects (0ms)
			CreateAndSetChildDomain (36ms)
		EndReloadAssembly (1089ms)
			LoadAssemblies (71ms)
			RebuildTransferFunctionScriptingTraits (0ms)
			SetupTypeCache (260ms)
			ReleaseScriptCaches (1ms)
			RebuildScriptCaches (38ms)
			SetupLoadedEditorAssemblies (621ms)
				LogAssemblyErrors (0ms)
				InitializePlatformSupportModulesInManaged (4ms)
				SetLoadedEditorAssemblies (0ms)
				RefreshPlugins (1ms)
				BeforeProcessingInitializeOnLoad (51ms)
				ProcessInitializeOnLoadAttributes (555ms)
				ProcessInitializeOnLoadMethodAttributes (5ms)
				AfterProcessingInitializeOnLoad (4ms)
				EditorAssembliesLoaded (0ms)
			ExecutionOrderSort2 (0ms)
			AwakeInstancesAfterBackupRestoration (12ms)
Platform modules already initialized, skipping
Refreshing native plugins compatible for Editor in 0.49 ms, found 3 plugins.
Preloading 0 native plugins for Editor in 0.00 ms.
Unloading 2839 Unused Serialized files (Serialized files now loaded: 0)
System memory in use before: 117.8 MB.
System memory in use after: 117.9 MB.

Unloading 21 unused Assets to reduce memory usage. Loaded Objects now: 3357.
Total: 2.791900 ms (FindLiveObjects: 0.211400 ms CreateObjectMapping: 0.088500 ms MarkObjects: 2.382000 ms  DeleteObjects: 0.108800 ms)

AssetImportParameters requested are different than current active one (requested -> active):
  custom:framework-win-MediaFoundation: 216162199b28c13a410421893ffa2e32 -> 
  custom:video-decoder-ogg-theora: a1e56fd34408186e4bbccfd4996cb3dc -> 
  custom:container-muxer-webm: aa71ff27fc2769a1b78a27578f13a17b -> 
  custom:container-demuxer-webm: 4f35f7cbe854078d1ac9338744f61a02 -> 
  custom:container-demuxer-ogg: 62fdf1f143b41e24485cea50d1cbac27 -> 
  custom:video-encoder-webm-vp8: eb34c28f22e8b96e1ab97ce403110664 -> 
  custom:video-decoder-webm-vp8: 9c59270c3fd7afecdb556c50c9e8de78 -> 
  custom:audio-decoder-ogg-vorbis: bf7c407c2cedff20999df2af8eb42d56 -> 
  custom:audio-encoder-webm-vorbis: bf7c407c2cedff20999df2af8eb42d56 -> 
========================================================================
Received Import Request.
  Time since last request: 34.956542 seconds.
  path: Assets/Scripts/FirstBoss.cs
  artifactKey: Guid(1705f823b68c92f459398b391c959e60) Importer(815301076,1909f56bfc062723c751e8b465ee728b)
Start importing Assets/Scripts/FirstBoss.cs using Guid(1705f823b68c92f459398b391c959e60) Importer(815301076,1909f56bfc062723c751e8b465ee728b)  -> (artifact id: '51c71f71143dd7985ffa41694d7d45f2') in 0.009255 seconds 
  Import took 0.013235 seconds .

========================================================================
Received Prepare
Registering precompiled user dll's ...
Registered in 0.003413 seconds.
Begin MonoManager ReloadAssembly
Native extension for WindowsStandalone target not found
Refreshing native plugins compatible for Editor in 0.55 ms, found 3 plugins.
Preloading 0 native plugins for Editor in 0.00 ms.
Mono: successfully reloaded assembly
- Completed reload, in  1.226 seconds
Domain Reload Profiling:
	ReloadAssembly (1226ms)
		BeginReloadAssembly (141ms)
			ExecutionOrderSort (0ms)
			DisableScriptedObjects (8ms)
			BackupInstance (0ms)
			ReleaseScriptingObjects (0ms)
			CreateAndSetChildDomain (42ms)
		EndReloadAssembly (970ms)
			LoadAssemblies (109ms)
			RebuildTransferFunctionScriptingTraits (0ms)
			SetupTypeCache (275ms)
			ReleaseScriptCaches (1ms)
			RebuildScriptCaches (39ms)
			SetupLoadedEditorAssemblies (483ms)
				LogAssemblyErrors (0ms)
				InitializePlatformSupportModulesInManaged (4ms)
				SetLoadedEditorAssemblies (0ms)
				RefreshPlugins (1ms)
				BeforeProcessingInitializeOnLoad (50ms)
				ProcessInitializeOnLoadAttributes (419ms)
				ProcessInitializeOnLoadMethodAttributes (5ms)
				AfterProcessingInitializeOnLoad (4ms)
				EditorAssembliesLoaded (0ms)
			ExecutionOrderSort2 (0ms)
			AwakeInstancesAfterBackupRestoration (9ms)
Platform modules already initialized, skipping
Refreshing native plugins compatible for Editor in 0.47 ms, found 3 plugins.
Preloading 0 native plugins for Editor in 0.00 ms.
Unloading 2839 Unused Serialized files (Serialized files now loaded: 0)
System memory in use before: 117.9 MB.
System memory in use after: 118.0 MB.

Unloading 21 unused Assets to reduce memory usage. Loaded Objects now: 3361.
Total: 2.545300 ms (FindLiveObjects: 0.201900 ms CreateObjectMapping: 0.094100 ms MarkObjects: 2.079200 ms  DeleteObjects: 0.169000 ms)

AssetImportParameters requested are different than current active one (requested -> active):
  custom:framework-win-MediaFoundation: 216162199b28c13a410421893ffa2e32 -> 
  custom:video-decoder-ogg-theora: a1e56fd34408186e4bbccfd4996cb3dc -> 
  custom:container-muxer-webm: aa71ff27fc2769a1b78a27578f13a17b -> 
  custom:container-demuxer-webm: 4f35f7cbe854078d1ac9338744f61a02 -> 
  custom:container-demuxer-ogg: 62fdf1f143b41e24485cea50d1cbac27 -> 
  custom:video-encoder-webm-vp8: eb34c28f22e8b96e1ab97ce403110664 -> 
  custom:video-decoder-webm-vp8: 9c59270c3fd7afecdb556c50c9e8de78 -> 
  custom:audio-decoder-ogg-vorbis: bf7c407c2cedff20999df2af8eb42d56 -> 
  custom:audio-encoder-webm-vorbis: bf7c407c2cedff20999df2af8eb42d56 -> 
========================================================================
Received Import Request.
  Time since last request: 25.567911 seconds.
  path: Assets/Scripts/FirstBoss.cs
  artifactKey: Guid(1705f823b68c92f459398b391c959e60) Importer(815301076,1909f56bfc062723c751e8b465ee728b)
Start importing Assets/Scripts/FirstBoss.cs using Guid(1705f823b68c92f459398b391c959e60) Importer(815301076,1909f56bfc062723c751e8b465ee728b)  -> (artifact id: '315f32cabd421f39d9e7df7d325716d6') in 0.010958 seconds 
  Import took 0.016073 seconds .

========================================================================
Received Import Request.
  Time since last request: 43.912150 seconds.
  path: Assets/Scripts/LevelManager.cs
  artifactKey: Guid(dedd08f69bda8004ab32869f54beb18b) Importer(815301076,1909f56bfc062723c751e8b465ee728b)
Start importing Assets/Scripts/LevelManager.cs using Guid(dedd08f69bda8004ab32869f54beb18b) Importer(815301076,1909f56bfc062723c751e8b465ee728b)  -> (artifact id: '8f63d177807ecdb9543a81415dd48b1c') in 0.009292 seconds 
  Import took 0.014593 seconds .

========================================================================
Received Prepare
Registering precompiled user dll's ...
Registered in 0.002872 seconds.
Begin MonoManager ReloadAssembly
Native extension for WindowsStandalone target not found
Refreshing native plugins compatible for Editor in 0.48 ms, found 3 plugins.
Preloading 0 native plugins for Editor in 0.00 ms.
Mono: successfully reloaded assembly
- Completed reload, in  1.110 seconds
Domain Reload Profiling:
	ReloadAssembly (1110ms)
		BeginReloadAssembly (102ms)
			ExecutionOrderSort (0ms)
			DisableScriptedObjects (5ms)
			BackupInstance (0ms)
			ReleaseScriptingObjects (0ms)
			CreateAndSetChildDomain (33ms)
		EndReloadAssembly (955ms)
			LoadAssemblies (70ms)
			RebuildTransferFunctionScriptingTraits (0ms)
			SetupTypeCache (250ms)
			ReleaseScriptCaches (1ms)
			RebuildScriptCaches (37ms)
			SetupLoadedEditorAssemblies (507ms)
				LogAssemblyErrors (0ms)
				InitializePlatformSupportModulesInManaged (4ms)
				SetLoadedEditorAssemblies (0ms)
				RefreshPlugins (1ms)
				BeforeProcessingInitializeOnLoad (49ms)
				ProcessInitializeOnLoadAttributes (444ms)
				ProcessInitializeOnLoadMethodAttributes (5ms)
				AfterProcessingInitializeOnLoad (3ms)
				EditorAssembliesLoaded (0ms)
			ExecutionOrderSort2 (0ms)
			AwakeInstancesAfterBackupRestoration (9ms)
Platform modules already initialized, skipping
Refreshing native plugins compatible for Editor in 0.48 ms, found 3 plugins.
Preloading 0 native plugins for Editor in 0.00 ms.
Unloading 2839 Unused Serialized files (Serialized files now loaded: 0)
System memory in use before: 117.9 MB.
System memory in use after: 118.0 MB.

Unloading 21 unused Assets to reduce memory usage. Loaded Objects now: 3365.
Total: 4.135200 ms (FindLiveObjects: 0.196700 ms CreateObjectMapping: 0.083600 ms MarkObjects: 3.679400 ms  DeleteObjects: 0.173900 ms)

AssetImportParameters requested are different than current active one (requested -> active):
  custom:framework-win-MediaFoundation: 216162199b28c13a410421893ffa2e32 -> 
  custom:video-decoder-ogg-theora: a1e56fd34408186e4bbccfd4996cb3dc -> 
  custom:container-muxer-webm: aa71ff27fc2769a1b78a27578f13a17b -> 
  custom:container-demuxer-webm: 4f35f7cbe854078d1ac9338744f61a02 -> 
  custom:container-demuxer-ogg: 62fdf1f143b41e24485cea50d1cbac27 -> 
  custom:video-encoder-webm-vp8: eb34c28f22e8b96e1ab97ce403110664 -> 
  custom:video-decoder-webm-vp8: 9c59270c3fd7afecdb556c50c9e8de78 -> 
  custom:audio-decoder-ogg-vorbis: bf7c407c2cedff20999df2af8eb42d56 -> 
  custom:audio-encoder-webm-vorbis: bf7c407c2cedff20999df2af8eb42d56 -> 
========================================================================
Received Import Request.
  Time since last request: 67.870395 seconds.
  path: Assets/Scripts/LevelManager.cs
  artifactKey: Guid(dedd08f69bda8004ab32869f54beb18b) Importer(815301076,1909f56bfc062723c751e8b465ee728b)
Start importing Assets/Scripts/LevelManager.cs using Guid(dedd08f69bda8004ab32869f54beb18b) Importer(815301076,1909f56bfc062723c751e8b465ee728b)  -> (artifact id: 'fb1722b9f5c19eb71159e344cee26b71') in 0.007507 seconds 
  Import took 0.011504 seconds .

========================================================================
Received Prepare
Registering precompiled user dll's ...
Registered in 0.003365 seconds.
Begin MonoManager ReloadAssembly
Native extension for WindowsStandalone target not found
Refreshing native plugins compatible for Editor in 0.50 ms, found 3 plugins.
Preloading 0 native plugins for Editor in 0.00 ms.
Mono: successfully reloaded assembly
- Completed reload, in  1.229 seconds
Domain Reload Profiling:
	ReloadAssembly (1230ms)
		BeginReloadAssembly (140ms)
			ExecutionOrderSort (0ms)
			DisableScriptedObjects (7ms)
			BackupInstance (0ms)
			ReleaseScriptingObjects (0ms)
			CreateAndSetChildDomain (47ms)
		EndReloadAssembly (1025ms)
			LoadAssemblies (103ms)
			RebuildTransferFunctionScriptingTraits (0ms)
			SetupTypeCache (295ms)
			ReleaseScriptCaches (1ms)
			RebuildScriptCaches (38ms)
			SetupLoadedEditorAssemblies (513ms)
				LogAssemblyErrors (0ms)
				InitializePlatformSupportModulesInManaged (5ms)
				SetLoadedEditorAssemblies (0ms)
				RefreshPlugins (1ms)
				BeforeProcessingInitializeOnLoad (51ms)
				ProcessInitializeOnLoadAttributes (447ms)
				ProcessInitializeOnLoadMethodAttributes (5ms)
				AfterProcessingInitializeOnLoad (4ms)
				EditorAssembliesLoaded (0ms)
			ExecutionOrderSort2 (0ms)
			AwakeInstancesAfterBackupRestoration (9ms)
Platform modules already initialized, skipping
Refreshing native plugins compatible for Editor in 0.50 ms, found 3 plugins.
Preloading 0 native plugins for Editor in 0.00 ms.
Unloading 2839 Unused Serialized files (Serialized files now loaded: 0)
System memory in use before: 117.9 MB.
System memory in use after: 118.0 MB.

Unloading 21 unused Assets to reduce memory usage. Loaded Objects now: 3369.
Total: 3.110500 ms (FindLiveObjects: 0.206900 ms CreateObjectMapping: 0.084900 ms MarkObjects: 2.637500 ms  DeleteObjects: 0.180100 ms)

AssetImportParameters requested are different than current active one (requested -> active):
  custom:framework-win-MediaFoundation: 216162199b28c13a410421893ffa2e32 -> 
  custom:video-decoder-ogg-theora: a1e56fd34408186e4bbccfd4996cb3dc -> 
  custom:container-muxer-webm: aa71ff27fc2769a1b78a27578f13a17b -> 
  custom:container-demuxer-webm: 4f35f7cbe854078d1ac9338744f61a02 -> 
  custom:container-demuxer-ogg: 62fdf1f143b41e24485cea50d1cbac27 -> 
  custom:video-encoder-webm-vp8: eb34c28f22e8b96e1ab97ce403110664 -> 
  custom:video-decoder-webm-vp8: 9c59270c3fd7afecdb556c50c9e8de78 -> 
  custom:audio-decoder-ogg-vorbis: bf7c407c2cedff20999df2af8eb42d56 -> 
  custom:audio-encoder-webm-vorbis: bf7c407c2cedff20999df2af8eb42d56 -> 
========================================================================
Received Import Request.
  Time since last request: 29.839849 seconds.
  path: Assets/Scripts/LevelManager.cs
  artifactKey: Guid(dedd08f69bda8004ab32869f54beb18b) Importer(815301076,1909f56bfc062723c751e8b465ee728b)
Start importing Assets/Scripts/LevelManager.cs using Guid(dedd08f69bda8004ab32869f54beb18b) Importer(815301076,1909f56bfc062723c751e8b465ee728b)  -> (artifact id: '2d21e127f2942089d75c772a3e8fa965') in 0.006181 seconds 
  Import took 0.010892 seconds .

========================================================================
Received Prepare
Registering precompiled user dll's ...
Registered in 0.003570 seconds.
Begin MonoManager ReloadAssembly
Native extension for WindowsStandalone target not found
Refreshing native plugins compatible for Editor in 0.56 ms, found 3 plugins.
Preloading 0 native plugins for Editor in 0.00 ms.
Mono: successfully reloaded assembly
- Completed reload, in  1.301 seconds
Domain Reload Profiling:
	ReloadAssembly (1301ms)
		BeginReloadAssembly (116ms)
			ExecutionOrderSort (0ms)
			DisableScriptedObjects (5ms)
			BackupInstance (0ms)
			ReleaseScriptingObjects (0ms)
			CreateAndSetChildDomain (40ms)
		EndReloadAssembly (1088ms)
			LoadAssemblies (113ms)
			RebuildTransferFunctionScriptingTraits (0ms)
			SetupTypeCache (293ms)
			ReleaseScriptCaches (1ms)
			RebuildScriptCaches (41ms)
			SetupLoadedEditorAssemblies (553ms)
				LogAssemblyErrors (0ms)
				InitializePlatformSupportModulesInManaged (4ms)
				SetLoadedEditorAssemblies (0ms)
				RefreshPlugins (1ms)
				BeforeProcessingInitializeOnLoad (61ms)
				ProcessInitializeOnLoadAttributes (478ms)
				ProcessInitializeOnLoadMethodAttributes (5ms)
				AfterProcessingInitializeOnLoad (4ms)
				EditorAssembliesLoaded (0ms)
			ExecutionOrderSort2 (0ms)
			AwakeInstancesAfterBackupRestoration (11ms)
Platform modules already initialized, skipping
Refreshing native plugins compatible for Editor in 0.56 ms, found 3 plugins.
Preloading 0 native plugins for Editor in 0.00 ms.
Unloading 2839 Unused Serialized files (Serialized files now loaded: 0)
System memory in use before: 118.0 MB.
System memory in use after: 118.1 MB.

Unloading 21 unused Assets to reduce memory usage. Loaded Objects now: 3373.
Total: 3.277400 ms (FindLiveObjects: 0.203600 ms CreateObjectMapping: 0.074800 ms MarkObjects: 2.817200 ms  DeleteObjects: 0.180600 ms)

AssetImportParameters requested are different than current active one (requested -> active):
  custom:framework-win-MediaFoundation: 216162199b28c13a410421893ffa2e32 -> 
  custom:video-decoder-ogg-theora: a1e56fd34408186e4bbccfd4996cb3dc -> 
  custom:container-muxer-webm: aa71ff27fc2769a1b78a27578f13a17b -> 
  custom:container-demuxer-webm: 4f35f7cbe854078d1ac9338744f61a02 -> 
  custom:container-demuxer-ogg: 62fdf1f143b41e24485cea50d1cbac27 -> 
  custom:video-encoder-webm-vp8: eb34c28f22e8b96e1ab97ce403110664 -> 
  custom:video-decoder-webm-vp8: 9c59270c3fd7afecdb556c50c9e8de78 -> 
  custom:audio-decoder-ogg-vorbis: bf7c407c2cedff20999df2af8eb42d56 -> 
  custom:audio-encoder-webm-vorbis: bf7c407c2cedff20999df2af8eb42d56 -> 
========================================================================
Received Import Request.
  Time since last request: 102.279853 seconds.
  path: Assets/Scripts/FlyingEnemy.cs
  artifactKey: Guid(07e964c1bcb017149bbdbb48c9ba20d0) Importer(815301076,1909f56bfc062723c751e8b465ee728b)
Start importing Assets/Scripts/FlyingEnemy.cs using Guid(07e964c1bcb017149bbdbb48c9ba20d0) Importer(815301076,1909f56bfc062723c751e8b465ee728b)  -> (artifact id: '42c15bf47ef7fe589c8bf7e16cad0d46') in 0.009881 seconds 
  Import took 0.014771 seconds .

========================================================================
Received Prepare
Registering precompiled user dll's ...
Registered in 0.002981 seconds.
Begin MonoManager ReloadAssembly
Native extension for WindowsStandalone target not found
Refreshing native plugins compatible for Editor in 0.52 ms, found 3 plugins.
Preloading 0 native plugins for Editor in 0.00 ms.
Mono: successfully reloaded assembly
- Completed reload, in  1.212 seconds
Domain Reload Profiling:
	ReloadAssembly (1212ms)
		BeginReloadAssembly (139ms)
			ExecutionOrderSort (0ms)
			DisableScriptedObjects (14ms)
			BackupInstance (0ms)
			ReleaseScriptingObjects (0ms)
			CreateAndSetChildDomain (56ms)
		EndReloadAssembly (1016ms)
			LoadAssemblies (82ms)
			RebuildTransferFunctionScriptingTraits (0ms)
			SetupTypeCache (277ms)
			ReleaseScriptCaches (1ms)
			RebuildScriptCaches (42ms)
			SetupLoadedEditorAssemblies (516ms)
				LogAssemblyErrors (0ms)
				InitializePlatformSupportModulesInManaged (4ms)
				SetLoadedEditorAssemblies (0ms)
				RefreshPlugins (1ms)
				BeforeProcessingInitializeOnLoad (53ms)
				ProcessInitializeOnLoadAttributes (448ms)
				ProcessInitializeOnLoadMethodAttributes (6ms)
				AfterProcessingInitializeOnLoad (4ms)
				EditorAssembliesLoaded (0ms)
			ExecutionOrderSort2 (0ms)
			AwakeInstancesAfterBackupRestoration (10ms)
Platform modules already initialized, skipping
Refreshing native plugins compatible for Editor in 0.47 ms, found 3 plugins.
Preloading 0 native plugins for Editor in 0.00 ms.
Unloading 2839 Unused Serialized files (Serialized files now loaded: 0)
System memory in use before: 118.0 MB.
System memory in use after: 118.1 MB.

Unloading 21 unused Assets to reduce memory usage. Loaded Objects now: 3377.
Total: 3.229100 ms (FindLiveObjects: 0.246700 ms CreateObjectMapping: 0.080500 ms MarkObjects: 2.733800 ms  DeleteObjects: 0.167000 ms)

AssetImportParameters requested are different than current active one (requested -> active):
  custom:framework-win-MediaFoundation: 216162199b28c13a410421893ffa2e32 -> 
  custom:video-decoder-ogg-theora: a1e56fd34408186e4bbccfd4996cb3dc -> 
  custom:container-muxer-webm: aa71ff27fc2769a1b78a27578f13a17b -> 
  custom:container-demuxer-webm: 4f35f7cbe854078d1ac9338744f61a02 -> 
  custom:container-demuxer-ogg: 62fdf1f143b41e24485cea50d1cbac27 -> 
  custom:video-encoder-webm-vp8: eb34c28f22e8b96e1ab97ce403110664 -> 
  custom:video-decoder-webm-vp8: 9c59270c3fd7afecdb556c50c9e8de78 -> 
  custom:audio-decoder-ogg-vorbis: bf7c407c2cedff20999df2af8eb42d56 -> 
  custom:audio-encoder-webm-vorbis: bf7c407c2cedff20999df2af8eb42d56 -> 
========================================================================
Received Import Request.
  Time since last request: 29.404290 seconds.
  path: Assets/Scripts/FlyingEnemy.cs
  artifactKey: Guid(07e964c1bcb017149bbdbb48c9ba20d0) Importer(815301076,1909f56bfc062723c751e8b465ee728b)
Start importing Assets/Scripts/FlyingEnemy.cs using Guid(07e964c1bcb017149bbdbb48c9ba20d0) Importer(815301076,1909f56bfc062723c751e8b465ee728b)  -> (artifact id: '0c4df69d8dc8af61e1114dff2f68ef6a') in 0.006350 seconds 
  Import took 0.010517 seconds .

========================================================================
Received Prepare
Registering precompiled user dll's ...
Registered in 0.002741 seconds.
Begin MonoManager ReloadAssembly
Native extension for WindowsStandalone target not found
Refreshing native plugins compatible for Editor in 0.58 ms, found 3 plugins.
Preloading 0 native plugins for Editor in 0.00 ms.
Mono: successfully reloaded assembly
- Completed reload, in  1.194 seconds
Domain Reload Profiling:
	ReloadAssembly (1194ms)
		BeginReloadAssembly (95ms)
			ExecutionOrderSort (0ms)
			DisableScriptedObjects (5ms)
			BackupInstance (0ms)
			ReleaseScriptingObjects (0ms)
			CreateAndSetChildDomain (31ms)
		EndReloadAssembly (1045ms)
			LoadAssemblies (76ms)
			RebuildTransferFunctionScriptingTraits (0ms)
			SetupTypeCache (295ms)
			ReleaseScriptCaches (1ms)
			RebuildScriptCaches (45ms)
			SetupLoadedEditorAssemblies (521ms)
				LogAssemblyErrors (0ms)
				InitializePlatformSupportModulesInManaged (5ms)
				SetLoadedEditorAssemblies (0ms)
				RefreshPlugins (1ms)
				BeforeProcessingInitializeOnLoad (54ms)
				ProcessInitializeOnLoadAttributes (451ms)
				ProcessInitializeOnLoadMethodAttributes (5ms)
				AfterProcessingInitializeOnLoad (4ms)
				EditorAssembliesLoaded (0ms)
			ExecutionOrderSort2 (0ms)
			AwakeInstancesAfterBackupRestoration (10ms)
Platform modules already initialized, skipping
Refreshing native plugins compatible for Editor in 0.47 ms, found 3 plugins.
Preloading 0 native plugins for Editor in 0.00 ms.
Unloading 2839 Unused Serialized files (Serialized files now loaded: 0)
System memory in use before: 118.0 MB.
System memory in use after: 118.1 MB.

Unloading 21 unused Assets to reduce memory usage. Loaded Objects now: 3381.
Total: 2.965400 ms (FindLiveObjects: 0.293200 ms CreateObjectMapping: 0.172000 ms MarkObjects: 2.400900 ms  DeleteObjects: 0.098300 ms)

AssetImportParameters requested are different than current active one (requested -> active):
  custom:framework-win-MediaFoundation: 216162199b28c13a410421893ffa2e32 -> 
  custom:video-decoder-ogg-theora: a1e56fd34408186e4bbccfd4996cb3dc -> 
  custom:container-muxer-webm: aa71ff27fc2769a1b78a27578f13a17b -> 
  custom:container-demuxer-webm: 4f35f7cbe854078d1ac9338744f61a02 -> 
  custom:container-demuxer-ogg: 62fdf1f143b41e24485cea50d1cbac27 -> 
  custom:video-encoder-webm-vp8: eb34c28f22e8b96e1ab97ce403110664 -> 
  custom:video-decoder-webm-vp8: 9c59270c3fd7afecdb556c50c9e8de78 -> 
  custom:audio-decoder-ogg-vorbis: bf7c407c2cedff20999df2af8eb42d56 -> 
  custom:audio-encoder-webm-vorbis: bf7c407c2cedff20999df2af8eb42d56 -> 
AssetImportWorkerClient::OnTransportError - code=2 error=End of file
