Using pre-set license
Built from '2020.3/release' branch; Version is '2020.3.15f2 (6cf78cb77498) revision 7141260'; Using compiler version '192528614'; Build Type 'Release'
OS: 'Windows 10 Home; OS build 19043.1526; Version 2009; 64bit' Language: 'en' Physical Memory: 16274 MB
BatchMode: 1, IsHumanControllingUs: 0, StartBugReporterOnCrash: 0, Is64bit: 1, IsPro: 0

 COMMAND LINE ARGUMENTS:
C:\Users\pc\Desktop\UNITY PROJECTS\2020.3.15f2\Editor\Unity.exe
-adb2
-batchMode
-noUpm
-name
AssetImportWorker2
-projectPath
E:/Unity Projects/MaybeInVancouver
-logFile
Logs/AssetImportWorker2.log
-srvPort
63541
Successfully changed project path to: E:/Unity Projects/MaybeInVancouver
E:/Unity Projects/MaybeInVancouver
Using Asset Import Pipeline V2.
